# Logfile created on 2021-01-28 13:48:06 -0300 by logger.rb/66358
I, [2021-01-28T13:48:06.849915 #17369]  INFO -- : Teste finalizado
I, [2021-01-28T13:48:06.857023 #17369]  INFO -- : Teste finalizado
I, [2021-01-28T13:48:06.867071 #17369]  INFO -- : Teste finalizado
I, [2021-01-28T13:48:06.878325 #17369]  INFO -- : Teste finalizado
I, [2021-01-28T14:26:08.778810 #18954]  INFO -- : Init test
I, [2021-01-28T14:26:09.177494 #18954]  INFO -- : Test finish
I, [2021-01-28T14:26:16.577483 #18954]  INFO -- : Init test
I, [2021-01-28T14:26:16.891623 #18954]  INFO -- : Test finish
I, [2021-01-28T14:26:24.072777 #18954]  INFO -- : Init test
I, [2021-01-28T14:26:24.362796 #18954]  INFO -- : Test finish
I, [2021-01-28T14:26:31.584927 #18954]  INFO -- : Init test
I, [2021-01-28T14:26:31.885936 #18954]  INFO -- : Test finish
I, [2021-01-28T14:29:43.444510 #19659]  INFO -- : Init test
I, [2021-01-28T14:34:36.552744 #40644]  INFO -- : Init test
I, [2021-01-28T14:34:36.934378 #40644]  INFO -- : Test finish
I, [2021-01-28T14:34:44.232701 #40644]  INFO -- : Init test
I, [2021-01-28T14:34:44.601901 #40644]  INFO -- : Test finish
I, [2021-01-28T14:35:04.687405 #40741]  INFO -- : Init test
I, [2021-01-28T14:35:05.003747 #40741]  INFO -- : Test finish
I, [2021-01-28T14:35:12.310436 #40741]  INFO -- : Init test
I, [2021-01-28T14:35:12.634236 #40741]  INFO -- : Test finish
I, [2021-01-28T14:35:20.124543 #40741]  INFO -- : Init test
I, [2021-01-28T14:35:20.452714 #40741]  INFO -- : Test finish
I, [2021-01-28T14:39:59.413098 #40982]  INFO -- : Init test
I, [2021-01-28T14:39:59.746361 #40982]  INFO -- : Test finish
I, [2021-01-28T14:40:07.375807 #40982]  INFO -- : Init test
I, [2021-01-28T14:40:07.724427 #40982]  INFO -- : Test finish
I, [2021-01-28T14:40:15.343670 #40982]  INFO -- : Init test
I, [2021-01-28T14:40:15.706056 #40982]  INFO -- : Test finish
I, [2021-01-28T14:40:23.081138 #40982]  INFO -- : Init test
I, [2021-01-28T14:40:23.432794 #40982]  INFO -- : Test finish
I, [2021-01-28T14:43:25.649129 #41212]  INFO -- : Init test
I, [2021-01-28T14:43:26.026911 #41212]  INFO -- : Test finish
I, [2021-01-28T14:43:33.268220 #41212]  INFO -- : Init test
I, [2021-01-28T14:43:33.572475 #41212]  INFO -- : Test finish
I, [2021-01-28T14:43:41.132761 #41212]  INFO -- : Init test
I, [2021-01-28T14:43:41.435166 #41212]  INFO -- : Test finish
I, [2021-01-28T14:44:06.234236 #41348]  INFO -- : Init test
I, [2021-01-28T14:44:06.235146 #41348]  INFO -- : Verificando se existe o elemento com.example.leonardomenezes.simplecalculatorandroid:id/android_result_tex usando o tipo de busca ID
I, [2021-01-28T14:44:26.887995 #41348]  INFO -- : Verificando se existe o elemento com.example.leonardomenezes.simplecalculatorandroid:id/android_result_tex usando o tipo de busca ID
I, [2021-01-28T14:44:47.474122 #41348]  INFO -- : Verificando se existe o elemento com.example.leonardomenezes.simplecalculatorandroid:id/android_result_tex usando o tipo de busca ID
I, [2021-01-28T14:45:09.291373 #41348]  INFO -- : Test finish
I, [2021-01-28T14:45:16.647711 #41348]  INFO -- : Init test
I, [2021-01-28T14:45:16.649479 #41348]  INFO -- : Verificando se existe o elemento com.example.leonardomenezes.simplecalculatorandroid:id/android_result_tex usando o tipo de busca ID
I, [2021-01-28T14:45:37.174489 #41348]  INFO -- : Verificando se existe o elemento com.example.leonardomenezes.simplecalculatorandroid:id/android_result_tex usando o tipo de busca ID
I, [2021-01-28T14:45:57.501190 #41348]  INFO -- : Verificando se existe o elemento com.example.leonardomenezes.simplecalculatorandroid:id/android_result_tex usando o tipo de busca ID
I, [2021-01-28T14:46:18.620009 #41348]  INFO -- : Test finish
I, [2021-01-28T14:46:36.531132 #41440]  INFO -- : Init test
I, [2021-01-28T14:46:36.532422 #41440]  INFO -- : Aguardou a existência do elemento apple_result_text usando o tipo de busca ACCESS_ID
I, [2021-01-28T14:46:37.576313 #41440]  INFO -- : Test finish
I, [2021-01-28T14:46:43.643674 #41440]  INFO -- : Init test
I, [2021-01-28T14:46:43.644508 #41440]  INFO -- : Aguardou a existência do elemento apple_result_text usando o tipo de busca ACCESS_ID
I, [2021-01-28T14:46:44.691706 #41440]  INFO -- : Test finish
I, [2021-01-28T14:46:50.110553 #41440]  INFO -- : Init test
I, [2021-01-28T14:46:50.111229 #41440]  INFO -- : Aguardou a existência do elemento apple_result_text usando o tipo de busca ACCESS_ID
I, [2021-01-28T14:46:51.157583 #41440]  INFO -- : Test finish
I, [2021-01-28T14:46:56.503305 #41440]  INFO -- : Init test
I, [2021-01-28T14:46:56.503779 #41440]  INFO -- : Aguardou a existência do elemento apple_result_text usando o tipo de busca ACCESS_ID
I, [2021-01-28T14:46:57.564081 #41440]  INFO -- : Test finish
I, [2021-01-28T14:52:01.659633 #42029]  INFO -- : Init test
I, [2021-01-28T14:52:01.660359 #42029]  INFO -- : Aguardou a existência do elemento apple_result_text usando o tipo de busca ACCESS_ID
I, [2021-01-28T14:52:02.508842 #42029]  INFO -- : Preencheu o campo {"type"=>"ACCESS_ID", "value"=>"apple_first_input"} usando o tipo de busca ACCESS_ID com o valor 1
I, [2021-01-28T14:52:03.288435 #42029]  INFO -- : Preencheu o campo {"type"=>"ACCESS_ID", "value"=>"apple_second_input"} usando o tipo de busca ACCESS_ID com o valor 2
I, [2021-01-28T14:52:03.288858 #42029]  INFO -- : Aguardou a existência do elemento apple-sum-button usando o tipo de busca ACCESS_ID
I, [2021-01-28T14:52:03.288916 #42029]  INFO -- : Clicou no botão apple-sum-button usando o tipo de busca ACCESS_ID
I, [2021-01-28T14:52:03.289158 #42029]  INFO -- : Está buscando o texto do elemento apple_result_text usando o tipo de busca ACCESS_ID
I, [2021-01-28T14:52:04.375254 #42029]  INFO -- : Test finish
I, [2021-01-28T14:52:09.848952 #42029]  INFO -- : Init test
I, [2021-01-28T14:52:09.849519 #42029]  INFO -- : Aguardou a existência do elemento apple_result_text usando o tipo de busca ACCESS_ID
I, [2021-01-28T14:52:10.365154 #42029]  INFO -- : Preencheu o campo {"type"=>"ACCESS_ID", "value"=>"apple_first_input"} usando o tipo de busca ACCESS_ID com o valor 5
I, [2021-01-28T14:52:11.009534 #42029]  INFO -- : Preencheu o campo {"type"=>"ACCESS_ID", "value"=>"apple_second_input"} usando o tipo de busca ACCESS_ID com o valor 2
I, [2021-01-28T14:52:11.009835 #42029]  INFO -- : Aguardou a existência do elemento apple-subtract-button usando o tipo de busca ACCESS_ID
I, [2021-01-28T14:52:11.009872 #42029]  INFO -- : Clicou no botão apple-subtract-button usando o tipo de busca ACCESS_ID
I, [2021-01-28T14:52:11.010062 #42029]  INFO -- : Está buscando o texto do elemento apple_result_text usando o tipo de busca ACCESS_ID
I, [2021-01-28T14:52:12.043631 #42029]  INFO -- : Test finish
I, [2021-01-28T14:52:17.353294 #42029]  INFO -- : Init test
I, [2021-01-28T14:52:17.353774 #42029]  INFO -- : Aguardou a existência do elemento apple_result_text usando o tipo de busca ACCESS_ID
I, [2021-01-28T14:52:17.841553 #42029]  INFO -- : Preencheu o campo {"type"=>"ACCESS_ID", "value"=>"apple_first_input"} usando o tipo de busca ACCESS_ID com o valor 10
I, [2021-01-28T14:52:18.512519 #42029]  INFO -- : Preencheu o campo {"type"=>"ACCESS_ID", "value"=>"apple_second_input"} usando o tipo de busca ACCESS_ID com o valor 2
I, [2021-01-28T14:52:18.512802 #42029]  INFO -- : Aguardou a existência do elemento apple-multiply-button usando o tipo de busca ACCESS_ID
I, [2021-01-28T14:52:18.512851 #42029]  INFO -- : Clicou no botão apple-multiply-button usando o tipo de busca ACCESS_ID
I, [2021-01-28T14:52:18.513019 #42029]  INFO -- : Está buscando o texto do elemento apple_result_text usando o tipo de busca ACCESS_ID
I, [2021-01-28T14:52:19.531765 #42029]  INFO -- : Test finish
I, [2021-01-28T14:52:25.009336 #42029]  INFO -- : Init test
I, [2021-01-28T14:52:25.010003 #42029]  INFO -- : Aguardou a existência do elemento apple_result_text usando o tipo de busca ACCESS_ID
I, [2021-01-28T14:52:25.547997 #42029]  INFO -- : Preencheu o campo {"type"=>"ACCESS_ID", "value"=>"apple_first_input"} usando o tipo de busca ACCESS_ID com o valor 10
I, [2021-01-28T14:52:26.189348 #42029]  INFO -- : Preencheu o campo {"type"=>"ACCESS_ID", "value"=>"apple_second_input"} usando o tipo de busca ACCESS_ID com o valor 2
I, [2021-01-28T14:52:26.189675 #42029]  INFO -- : Aguardou a existência do elemento apple-divide-button usando o tipo de busca ACCESS_ID
I, [2021-01-28T14:52:26.189709 #42029]  INFO -- : Clicou no botão apple-divide-button usando o tipo de busca ACCESS_ID
I, [2021-01-28T14:52:26.189885 #42029]  INFO -- : Está buscando o texto do elemento apple_result_text usando o tipo de busca ACCESS_ID
I, [2021-01-28T14:52:27.223566 #42029]  INFO -- : Test finish
I, [2021-01-28T14:52:47.817448 #42271]  INFO -- : Init test
I, [2021-01-28T14:52:47.818022 #42271]  INFO -- : Aguardou a existência do elemento apple_result_text usando o tipo de busca ACCESS_ID
I, [2021-01-28T14:52:48.309210 #42271]  INFO -- : Preencheu o campo {"type"=>"ACCESS_ID", "value"=>"apple_first_input"} usando o tipo de busca ACCESS_ID com o valor 1
I, [2021-01-28T14:52:48.946715 #42271]  INFO -- : Preencheu o campo {"type"=>"ACCESS_ID", "value"=>"apple_second_input"} usando o tipo de busca ACCESS_ID com o valor 2
I, [2021-01-28T14:52:48.947053 #42271]  INFO -- : Aguardou a existência do elemento apple-sum-button usando o tipo de busca ACCESS_ID
I, [2021-01-28T14:52:48.947095 #42271]  INFO -- : Clicou no botão apple-sum-button usando o tipo de busca ACCESS_ID
I, [2021-01-28T14:52:48.947293 #42271]  INFO -- : Está buscando o texto do elemento apple_result_text usando o tipo de busca ACCESS_ID
I, [2021-01-28T14:52:49.990375 #42271]  INFO -- : Test finish
I, [2021-01-28T14:52:55.217370 #42271]  INFO -- : Init test
I, [2021-01-28T14:52:55.217855 #42271]  INFO -- : Aguardou a existência do elemento apple_result_text usando o tipo de busca ACCESS_ID
I, [2021-01-28T14:52:55.777537 #42271]  INFO -- : Preencheu o campo {"type"=>"ACCESS_ID", "value"=>"apple_first_input"} usando o tipo de busca ACCESS_ID com o valor 5
I, [2021-01-28T14:52:56.432975 #42271]  INFO -- : Preencheu o campo {"type"=>"ACCESS_ID", "value"=>"apple_second_input"} usando o tipo de busca ACCESS_ID com o valor 2
I, [2021-01-28T14:52:56.433396 #42271]  INFO -- : Aguardou a existência do elemento apple-subtract-button usando o tipo de busca ACCESS_ID
I, [2021-01-28T14:52:56.433448 #42271]  INFO -- : Clicou no botão apple-subtract-button usando o tipo de busca ACCESS_ID
I, [2021-01-28T14:52:56.433704 #42271]  INFO -- : Está buscando o texto do elemento apple_result_text usando o tipo de busca ACCESS_ID
I, [2021-01-28T14:52:57.483751 #42271]  INFO -- : Test finish
I, [2021-01-28T14:53:02.980240 #42271]  INFO -- : Init test
I, [2021-01-28T14:53:02.980794 #42271]  INFO -- : Aguardou a existência do elemento apple_result_text usando o tipo de busca ACCESS_ID
I, [2021-01-28T14:53:03.562599 #42271]  INFO -- : Preencheu o campo {"type"=>"ACCESS_ID", "value"=>"apple_first_input"} usando o tipo de busca ACCESS_ID com o valor 10
I, [2021-01-28T14:53:04.260145 #42271]  INFO -- : Preencheu o campo {"type"=>"ACCESS_ID", "value"=>"apple_second_input"} usando o tipo de busca ACCESS_ID com o valor 2
I, [2021-01-28T14:53:04.260454 #42271]  INFO -- : Aguardou a existência do elemento apple-multiply-button usando o tipo de busca ACCESS_ID
I, [2021-01-28T14:53:04.260490 #42271]  INFO -- : Clicou no botão apple-multiply-button usando o tipo de busca ACCESS_ID
I, [2021-01-28T14:53:04.260675 #42271]  INFO -- : Está buscando o texto do elemento apple_result_text usando o tipo de busca ACCESS_ID
I, [2021-01-28T14:53:05.278836 #42271]  INFO -- : Test finish
I, [2021-01-28T14:53:10.752288 #42271]  INFO -- : Init test
I, [2021-01-28T14:53:10.752821 #42271]  INFO -- : Aguardou a existência do elemento apple_result_text usando o tipo de busca ACCESS_ID
I, [2021-01-28T14:53:11.272275 #42271]  INFO -- : Preencheu o campo {"type"=>"ACCESS_ID", "value"=>"apple_first_input"} usando o tipo de busca ACCESS_ID com o valor 10
I, [2021-01-28T14:53:11.927151 #42271]  INFO -- : Preencheu o campo {"type"=>"ACCESS_ID", "value"=>"apple_second_input"} usando o tipo de busca ACCESS_ID com o valor 2
I, [2021-01-28T14:53:11.927547 #42271]  INFO -- : Aguardou a existência do elemento apple-divide-button usando o tipo de busca ACCESS_ID
I, [2021-01-28T14:53:11.927623 #42271]  INFO -- : Clicou no botão apple-divide-button usando o tipo de busca ACCESS_ID
I, [2021-01-28T14:53:11.927838 #42271]  INFO -- : Está buscando o texto do elemento apple_result_text usando o tipo de busca ACCESS_ID
I, [2021-01-28T14:53:12.946430 #42271]  INFO -- : Test finish
I, [2021-01-28T14:53:28.121415 #42503]  INFO -- : Init test
I, [2021-01-28T14:53:28.122017 #42503]  INFO -- : Aguardou a existência do elemento apple_result_text usando o tipo de busca ACCESS_ID
I, [2021-01-28T14:53:28.622140 #42503]  INFO -- : Preencheu o campo {"type"=>"ACCESS_ID", "value"=>"apple_first_input"} usando o tipo de busca ACCESS_ID com o valor 1
I, [2021-01-28T14:53:29.249926 #42503]  INFO -- : Preencheu o campo {"type"=>"ACCESS_ID", "value"=>"apple_second_input"} usando o tipo de busca ACCESS_ID com o valor 2
I, [2021-01-28T14:53:29.250357 #42503]  INFO -- : Aguardou a existência do elemento apple-sum-button usando o tipo de busca ACCESS_ID
I, [2021-01-28T14:53:29.250413 #42503]  INFO -- : Clicou no botão apple-sum-button usando o tipo de busca ACCESS_ID
I, [2021-01-28T14:53:29.250649 #42503]  INFO -- : Está buscando o texto do elemento apple_result_text usando o tipo de busca ACCESS_ID
I, [2021-01-28T14:53:30.279068 #42503]  INFO -- : Test finish
I, [2021-01-28T14:53:35.894812 #42503]  INFO -- : Init test
I, [2021-01-28T14:53:35.895390 #42503]  INFO -- : Aguardou a existência do elemento apple_result_text usando o tipo de busca ACCESS_ID
I, [2021-01-28T14:53:36.388488 #42503]  INFO -- : Preencheu o campo {"type"=>"ACCESS_ID", "value"=>"apple_first_input"} usando o tipo de busca ACCESS_ID com o valor 5
I, [2021-01-28T14:53:37.027269 #42503]  INFO -- : Preencheu o campo {"type"=>"ACCESS_ID", "value"=>"apple_second_input"} usando o tipo de busca ACCESS_ID com o valor 2
I, [2021-01-28T14:53:37.027608 #42503]  INFO -- : Aguardou a existência do elemento apple-subtract-button usando o tipo de busca ACCESS_ID
I, [2021-01-28T14:53:37.027650 #42503]  INFO -- : Clicou no botão apple-subtract-button usando o tipo de busca ACCESS_ID
I, [2021-01-28T14:53:37.027849 #42503]  INFO -- : Está buscando o texto do elemento apple_result_text usando o tipo de busca ACCESS_ID
I, [2021-01-28T14:53:38.070943 #42503]  INFO -- : Test finish
I, [2021-01-28T14:53:43.325495 #42503]  INFO -- : Init test
I, [2021-01-28T14:53:43.325913 #42503]  INFO -- : Aguardou a existência do elemento apple_result_text usando o tipo de busca ACCESS_ID
I, [2021-01-28T14:53:43.803537 #42503]  INFO -- : Preencheu o campo {"type"=>"ACCESS_ID", "value"=>"apple_first_input"} usando o tipo de busca ACCESS_ID com o valor 10
I, [2021-01-28T14:53:44.464329 #42503]  INFO -- : Preencheu o campo {"type"=>"ACCESS_ID", "value"=>"apple_second_input"} usando o tipo de busca ACCESS_ID com o valor 2
I, [2021-01-28T14:53:44.464634 #42503]  INFO -- : Aguardou a existência do elemento apple-multiply-button usando o tipo de busca ACCESS_ID
I, [2021-01-28T14:53:44.464672 #42503]  INFO -- : Clicou no botão apple-multiply-button usando o tipo de busca ACCESS_ID
I, [2021-01-28T14:53:44.465693 #42503]  INFO -- : Está buscando o texto do elemento apple_result_text usando o tipo de busca ACCESS_ID
I, [2021-01-28T14:53:45.495873 #42503]  INFO -- : Test finish
I, [2021-01-28T14:53:50.665422 #42503]  INFO -- : Init test
I, [2021-01-28T14:53:50.666214 #42503]  INFO -- : Aguardou a existência do elemento apple_result_text usando o tipo de busca ACCESS_ID
I, [2021-01-28T14:53:51.194259 #42503]  INFO -- : Preencheu o campo {"type"=>"ACCESS_ID", "value"=>"apple_first_input"} usando o tipo de busca ACCESS_ID com o valor 10
I, [2021-01-28T14:53:51.828101 #42503]  INFO -- : Preencheu o campo {"type"=>"ACCESS_ID", "value"=>"apple_second_input"} usando o tipo de busca ACCESS_ID com o valor 2
I, [2021-01-28T14:53:51.828522 #42503]  INFO -- : Aguardou a existência do elemento apple-divide-button usando o tipo de busca ACCESS_ID
I, [2021-01-28T14:53:51.828575 #42503]  INFO -- : Clicou no botão apple-divide-button usando o tipo de busca ACCESS_ID
I, [2021-01-28T14:53:51.828857 #42503]  INFO -- : Está buscando o texto do elemento apple_result_text usando o tipo de busca ACCESS_ID
I, [2021-01-28T14:53:52.855017 #42503]  INFO -- : Test finish
I, [2021-01-28T14:54:15.982098 #42749]  INFO -- : Init test
I, [2021-01-28T14:54:15.982801 #42749]  INFO -- : Aguardou a existência do elemento apple_result_text usando o tipo de busca ACCESS_ID
I, [2021-01-28T14:54:16.472095 #42749]  INFO -- : Preencheu o campo {"type"=>"ACCESS_ID", "value"=>"apple_first_input"} usando o tipo de busca ACCESS_ID com o valor 1
I, [2021-01-28T14:54:17.116289 #42749]  INFO -- : Preencheu o campo {"type"=>"ACCESS_ID", "value"=>"apple_second_input"} usando o tipo de busca ACCESS_ID com o valor 2
I, [2021-01-28T14:54:17.116619 #42749]  INFO -- : Aguardou a existência do elemento apple-sum-button usando o tipo de busca ACCESS_ID
I, [2021-01-28T14:54:17.116659 #42749]  INFO -- : Clicou no botão apple-sum-button usando o tipo de busca ACCESS_ID
I, [2021-01-28T14:54:17.116856 #42749]  INFO -- : Está buscando o texto do elemento apple_result_text usando o tipo de busca ACCESS_ID
I, [2021-01-28T14:54:17.116892 #42749]  INFO -- : Está buscando o texto do elemento apple_result_text usando o tipo de busca ACCESS_ID
I, [2021-01-28T14:54:18.162704 #42749]  INFO -- : Test finish
I, [2021-01-28T14:54:23.355117 #42749]  INFO -- : Init test
I, [2021-01-28T14:54:23.356432 #42749]  INFO -- : Aguardou a existência do elemento apple_result_text usando o tipo de busca ACCESS_ID
I, [2021-01-28T14:54:23.884880 #42749]  INFO -- : Preencheu o campo {"type"=>"ACCESS_ID", "value"=>"apple_first_input"} usando o tipo de busca ACCESS_ID com o valor 5
I, [2021-01-28T14:54:24.534360 #42749]  INFO -- : Preencheu o campo {"type"=>"ACCESS_ID", "value"=>"apple_second_input"} usando o tipo de busca ACCESS_ID com o valor 2
I, [2021-01-28T14:54:24.535241 #42749]  INFO -- : Aguardou a existência do elemento apple-subtract-button usando o tipo de busca ACCESS_ID
I, [2021-01-28T14:54:24.535286 #42749]  INFO -- : Clicou no botão apple-subtract-button usando o tipo de busca ACCESS_ID
I, [2021-01-28T14:54:24.535464 #42749]  INFO -- : Está buscando o texto do elemento apple_result_text usando o tipo de busca ACCESS_ID
I, [2021-01-28T14:54:24.536319 #42749]  INFO -- : Está buscando o texto do elemento apple_result_text usando o tipo de busca ACCESS_ID
I, [2021-01-28T14:54:25.576759 #42749]  INFO -- : Test finish
I, [2021-01-28T14:54:30.799798 #42749]  INFO -- : Init test
I, [2021-01-28T14:54:30.800296 #42749]  INFO -- : Aguardou a existência do elemento apple_result_text usando o tipo de busca ACCESS_ID
I, [2021-01-28T14:54:31.370738 #42749]  INFO -- : Preencheu o campo {"type"=>"ACCESS_ID", "value"=>"apple_first_input"} usando o tipo de busca ACCESS_ID com o valor 10
I, [2021-01-28T14:54:32.026458 #42749]  INFO -- : Preencheu o campo {"type"=>"ACCESS_ID", "value"=>"apple_second_input"} usando o tipo de busca ACCESS_ID com o valor 2
I, [2021-01-28T14:54:32.026790 #42749]  INFO -- : Aguardou a existência do elemento apple-multiply-button usando o tipo de busca ACCESS_ID
I, [2021-01-28T14:54:32.026834 #42749]  INFO -- : Clicou no botão apple-multiply-button usando o tipo de busca ACCESS_ID
I, [2021-01-28T14:54:32.027036 #42749]  INFO -- : Está buscando o texto do elemento apple_result_text usando o tipo de busca ACCESS_ID
I, [2021-01-28T14:54:32.027072 #42749]  INFO -- : Está buscando o texto do elemento apple_result_text usando o tipo de busca ACCESS_ID
I, [2021-01-28T14:54:33.071489 #42749]  INFO -- : Test finish
I, [2021-01-28T14:54:38.547917 #42749]  INFO -- : Init test
I, [2021-01-28T14:54:38.548351 #42749]  INFO -- : Aguardou a existência do elemento apple_result_text usando o tipo de busca ACCESS_ID
I, [2021-01-28T14:54:39.037533 #42749]  INFO -- : Preencheu o campo {"type"=>"ACCESS_ID", "value"=>"apple_first_input"} usando o tipo de busca ACCESS_ID com o valor 10
I, [2021-01-28T14:54:39.700295 #42749]  INFO -- : Preencheu o campo {"type"=>"ACCESS_ID", "value"=>"apple_second_input"} usando o tipo de busca ACCESS_ID com o valor 2
I, [2021-01-28T14:54:39.700608 #42749]  INFO -- : Aguardou a existência do elemento apple-divide-button usando o tipo de busca ACCESS_ID
I, [2021-01-28T14:54:39.700670 #42749]  INFO -- : Clicou no botão apple-divide-button usando o tipo de busca ACCESS_ID
I, [2021-01-28T14:54:39.700861 #42749]  INFO -- : Está buscando o texto do elemento apple_result_text usando o tipo de busca ACCESS_ID
I, [2021-01-28T14:54:39.700890 #42749]  INFO -- : Está buscando o texto do elemento apple_result_text usando o tipo de busca ACCESS_ID
I, [2021-01-28T14:54:40.742005 #42749]  INFO -- : Test finish
I, [2021-01-28T14:54:49.799243 #42981]  INFO -- : Init test
I, [2021-01-28T14:54:49.799935 #42981]  INFO -- : Aguardou a existência do elemento apple_result_text usando o tipo de busca ACCESS_ID
I, [2021-01-28T14:54:50.320999 #42981]  INFO -- : Preencheu o campo {"type"=>"ACCESS_ID", "value"=>"apple_first_input"} usando o tipo de busca ACCESS_ID com o valor 1
I, [2021-01-28T14:54:50.981281 #42981]  INFO -- : Preencheu o campo {"type"=>"ACCESS_ID", "value"=>"apple_second_input"} usando o tipo de busca ACCESS_ID com o valor 2
I, [2021-01-28T14:54:50.981793 #42981]  INFO -- : Aguardou a existência do elemento apple-sum-button usando o tipo de busca ACCESS_ID
I, [2021-01-28T14:54:50.981858 #42981]  INFO -- : Clicou no botão apple-sum-button usando o tipo de busca ACCESS_ID
I, [2021-01-28T14:54:50.982134 #42981]  INFO -- : Está buscando o texto do elemento apple_result_text usando o tipo de busca ACCESS_ID
I, [2021-01-28T14:54:50.982208 #42981]  INFO -- : Está buscando o texto do elemento apple_result_text usando o tipo de busca ACCESS_ID
I, [2021-01-28T14:54:52.014255 #42981]  INFO -- : Test finish
I, [2021-01-28T14:54:57.409643 #42981]  INFO -- : Init test
I, [2021-01-28T14:54:57.410187 #42981]  INFO -- : Aguardou a existência do elemento apple_result_text usando o tipo de busca ACCESS_ID
I, [2021-01-28T14:54:57.973040 #42981]  INFO -- : Preencheu o campo {"type"=>"ACCESS_ID", "value"=>"apple_first_input"} usando o tipo de busca ACCESS_ID com o valor 5
I, [2021-01-28T14:54:58.650478 #42981]  INFO -- : Preencheu o campo {"type"=>"ACCESS_ID", "value"=>"apple_second_input"} usando o tipo de busca ACCESS_ID com o valor 2
I, [2021-01-28T14:54:58.650816 #42981]  INFO -- : Aguardou a existência do elemento apple-subtract-button usando o tipo de busca ACCESS_ID
I, [2021-01-28T14:54:58.650858 #42981]  INFO -- : Clicou no botão apple-subtract-button usando o tipo de busca ACCESS_ID
I, [2021-01-28T14:54:58.651061 #42981]  INFO -- : Está buscando o texto do elemento apple_result_text usando o tipo de busca ACCESS_ID
I, [2021-01-28T14:54:58.651103 #42981]  INFO -- : Está buscando o texto do elemento apple_result_text usando o tipo de busca ACCESS_ID
I, [2021-01-28T14:54:59.692614 #42981]  INFO -- : Test finish
I, [2021-01-28T14:55:05.699009 #42981]  INFO -- : Init test
I, [2021-01-28T14:55:05.699559 #42981]  INFO -- : Aguardou a existência do elemento apple_result_text usando o tipo de busca ACCESS_ID
I, [2021-01-28T14:55:06.309057 #42981]  INFO -- : Preencheu o campo {"type"=>"ACCESS_ID", "value"=>"apple_first_input"} usando o tipo de busca ACCESS_ID com o valor 10
I, [2021-01-28T14:55:07.043641 #42981]  INFO -- : Preencheu o campo {"type"=>"ACCESS_ID", "value"=>"apple_second_input"} usando o tipo de busca ACCESS_ID com o valor 2
I, [2021-01-28T14:55:07.044048 #42981]  INFO -- : Aguardou a existência do elemento apple-multiply-button usando o tipo de busca ACCESS_ID
I, [2021-01-28T14:55:07.044106 #42981]  INFO -- : Clicou no botão apple-multiply-button usando o tipo de busca ACCESS_ID
I, [2021-01-28T14:55:07.045140 #42981]  INFO -- : Está buscando o texto do elemento apple_result_text usando o tipo de busca ACCESS_ID
I, [2021-01-28T14:55:07.045261 #42981]  INFO -- : Está buscando o texto do elemento apple_result_text usando o tipo de busca ACCESS_ID
I, [2021-01-28T14:55:08.072794 #42981]  INFO -- : Test finish
I, [2021-01-28T14:55:14.302521 #42981]  INFO -- : Init test
I, [2021-01-28T14:55:14.303074 #42981]  INFO -- : Aguardou a existência do elemento apple_result_text usando o tipo de busca ACCESS_ID
I, [2021-01-28T14:55:14.936032 #42981]  INFO -- : Preencheu o campo {"type"=>"ACCESS_ID", "value"=>"apple_first_input"} usando o tipo de busca ACCESS_ID com o valor 10
I, [2021-01-28T14:55:15.669139 #42981]  INFO -- : Preencheu o campo {"type"=>"ACCESS_ID", "value"=>"apple_second_input"} usando o tipo de busca ACCESS_ID com o valor 2
I, [2021-01-28T14:55:15.669562 #42981]  INFO -- : Aguardou a existência do elemento apple-divide-button usando o tipo de busca ACCESS_ID
I, [2021-01-28T14:55:15.669616 #42981]  INFO -- : Clicou no botão apple-divide-button usando o tipo de busca ACCESS_ID
I, [2021-01-28T14:55:15.669878 #42981]  INFO -- : Está buscando o texto do elemento apple_result_text usando o tipo de busca ACCESS_ID
I, [2021-01-28T14:55:15.669923 #42981]  INFO -- : Está buscando o texto do elemento apple_result_text usando o tipo de busca ACCESS_ID
I, [2021-01-28T14:55:16.768326 #42981]  INFO -- : Test finish
I, [2021-01-28T14:55:57.625077 #43234]  INFO -- : Init test
I, [2021-01-28T14:55:57.626007 #43234]  INFO -- : Aguardou a existência do elemento apple_result_text usando o tipo de busca ACCESS_ID
I, [2021-01-28T14:55:58.126033 #43234]  INFO -- : Preencheu o campo {"type"=>"ACCESS_ID", "value"=>"apple_first_input"} usando o tipo de busca ACCESS_ID com o valor 1
I, [2021-01-28T14:55:58.766789 #43234]  INFO -- : Preencheu o campo {"type"=>"ACCESS_ID", "value"=>"apple_second_input"} usando o tipo de busca ACCESS_ID com o valor 2
I, [2021-01-28T14:55:58.767072 #43234]  INFO -- : Aguardou a existência do elemento apple-sum-button usando o tipo de busca ACCESS_ID
I, [2021-01-28T14:55:59.486863 #43234]  INFO -- : Clicou no botão apple-sum-button usando o tipo de busca ACCESS_ID
I, [2021-01-28T14:55:59.487307 #43234]  INFO -- : Está buscando o texto do elemento apple_result_text usando o tipo de busca ACCESS_ID
I, [2021-01-28T14:55:59.487366 #43234]  INFO -- : Está buscando o texto do elemento apple_result_text usando o tipo de busca ACCESS_ID
I, [2021-01-28T14:56:00.535425 #43234]  INFO -- : Test finish
I, [2021-01-28T14:56:06.366756 #43234]  INFO -- : Init test
I, [2021-01-28T14:56:06.367215 #43234]  INFO -- : Aguardou a existência do elemento apple_result_text usando o tipo de busca ACCESS_ID
I, [2021-01-28T14:56:06.892217 #43234]  INFO -- : Preencheu o campo {"type"=>"ACCESS_ID", "value"=>"apple_first_input"} usando o tipo de busca ACCESS_ID com o valor 5
I, [2021-01-28T14:56:07.536640 #43234]  INFO -- : Preencheu o campo {"type"=>"ACCESS_ID", "value"=>"apple_second_input"} usando o tipo de busca ACCESS_ID com o valor 2
I, [2021-01-28T14:56:07.536945 #43234]  INFO -- : Aguardou a existência do elemento apple-subtract-button usando o tipo de busca ACCESS_ID
I, [2021-01-28T14:56:08.260560 #43234]  INFO -- : Clicou no botão apple-subtract-button usando o tipo de busca ACCESS_ID
I, [2021-01-28T14:56:08.260889 #43234]  INFO -- : Está buscando o texto do elemento apple_result_text usando o tipo de busca ACCESS_ID
I, [2021-01-28T14:56:08.260940 #43234]  INFO -- : Está buscando o texto do elemento apple_result_text usando o tipo de busca ACCESS_ID
I, [2021-01-28T14:56:09.306102 #43234]  INFO -- : Test finish
I, [2021-01-28T14:56:14.574200 #43234]  INFO -- : Init test
I, [2021-01-28T14:56:14.574671 #43234]  INFO -- : Aguardou a existência do elemento apple_result_text usando o tipo de busca ACCESS_ID
I, [2021-01-28T14:56:15.082886 #43234]  INFO -- : Preencheu o campo {"type"=>"ACCESS_ID", "value"=>"apple_first_input"} usando o tipo de busca ACCESS_ID com o valor 10
I, [2021-01-28T14:56:15.722714 #43234]  INFO -- : Preencheu o campo {"type"=>"ACCESS_ID", "value"=>"apple_second_input"} usando o tipo de busca ACCESS_ID com o valor 2
I, [2021-01-28T14:56:15.723064 #43234]  INFO -- : Aguardou a existência do elemento apple-multiply-button usando o tipo de busca ACCESS_ID
I, [2021-01-28T14:56:16.461753 #43234]  INFO -- : Clicou no botão apple-multiply-button usando o tipo de busca ACCESS_ID
I, [2021-01-28T14:56:16.462140 #43234]  INFO -- : Está buscando o texto do elemento apple_result_text usando o tipo de busca ACCESS_ID
I, [2021-01-28T14:56:16.462233 #43234]  INFO -- : Está buscando o texto do elemento apple_result_text usando o tipo de busca ACCESS_ID
I, [2021-01-28T14:56:17.509031 #43234]  INFO -- : Test finish
I, [2021-01-28T14:56:22.985059 #43234]  INFO -- : Init test
I, [2021-01-28T14:56:22.986445 #43234]  INFO -- : Aguardou a existência do elemento apple_result_text usando o tipo de busca ACCESS_ID
I, [2021-01-28T14:56:23.598446 #43234]  INFO -- : Preencheu o campo {"type"=>"ACCESS_ID", "value"=>"apple_first_input"} usando o tipo de busca ACCESS_ID com o valor 10
I, [2021-01-28T14:56:24.288670 #43234]  INFO -- : Preencheu o campo {"type"=>"ACCESS_ID", "value"=>"apple_second_input"} usando o tipo de busca ACCESS_ID com o valor 2
I, [2021-01-28T14:56:24.289153 #43234]  INFO -- : Aguardou a existência do elemento apple-divide-button usando o tipo de busca ACCESS_ID
I, [2021-01-28T14:56:25.112791 #43234]  INFO -- : Clicou no botão apple-divide-button usando o tipo de busca ACCESS_ID
I, [2021-01-28T14:56:25.113232 #43234]  INFO -- : Está buscando o texto do elemento apple_result_text usando o tipo de busca ACCESS_ID
I, [2021-01-28T14:56:25.113311 #43234]  INFO -- : Está buscando o texto do elemento apple_result_text usando o tipo de busca ACCESS_ID
I, [2021-01-28T14:56:26.155984 #43234]  INFO -- : Test finish
I, [2021-01-28T14:57:30.177908 #43550]  INFO -- : Init test
I, [2021-01-28T14:57:30.178451 #43550]  INFO -- : Aguardou a existência do elemento apple_result_text usando o tipo de busca ACCESS_ID
I, [2021-01-28T14:57:30.755896 #43550]  INFO -- : Preencheu o campo {"type"=>"ACCESS_ID", "value"=>"apple_first_input"} usando o tipo de busca ACCESS_ID com o valor 1
I, [2021-01-28T14:57:31.420221 #43550]  INFO -- : Preencheu o campo {"type"=>"ACCESS_ID", "value"=>"apple_second_input"} usando o tipo de busca ACCESS_ID com o valor 2
I, [2021-01-28T14:57:31.420742 #43550]  INFO -- : Aguardou a existência do elemento apple-sum-button usando o tipo de busca ACCESS_ID
I, [2021-01-28T14:57:32.197798 #43550]  INFO -- : Clicou no botão apple-sum-button usando o tipo de busca ACCESS_ID
I, [2021-01-28T14:57:32.198170 #43550]  INFO -- : Está buscando o texto do elemento apple_result_text usando o tipo de busca ACCESS_ID
I, [2021-01-28T14:57:33.263302 #43550]  INFO -- : Test finish
I, [2021-01-28T14:57:38.988346 #43550]  INFO -- : Init test
I, [2021-01-28T14:57:38.989310 #43550]  INFO -- : Aguardou a existência do elemento apple_result_text usando o tipo de busca ACCESS_ID
I, [2021-01-28T14:57:39.523829 #43550]  INFO -- : Preencheu o campo {"type"=>"ACCESS_ID", "value"=>"apple_first_input"} usando o tipo de busca ACCESS_ID com o valor 5
I, [2021-01-28T14:57:40.149176 #43550]  INFO -- : Preencheu o campo {"type"=>"ACCESS_ID", "value"=>"apple_second_input"} usando o tipo de busca ACCESS_ID com o valor 2
I, [2021-01-28T14:57:40.149461 #43550]  INFO -- : Aguardou a existência do elemento apple-subtract-button usando o tipo de busca ACCESS_ID
I, [2021-01-28T14:57:40.876182 #43550]  INFO -- : Clicou no botão apple-subtract-button usando o tipo de busca ACCESS_ID
I, [2021-01-28T14:57:40.876553 #43550]  INFO -- : Está buscando o texto do elemento apple_result_text usando o tipo de busca ACCESS_ID
I, [2021-01-28T14:57:41.897586 #43550]  INFO -- : Test finish
I, [2021-01-28T14:57:47.845367 #43550]  INFO -- : Init test
I, [2021-01-28T14:57:47.846090 #43550]  INFO -- : Aguardou a existência do elemento apple_result_text usando o tipo de busca ACCESS_ID
I, [2021-01-28T14:57:48.396343 #43550]  INFO -- : Preencheu o campo {"type"=>"ACCESS_ID", "value"=>"apple_first_input"} usando o tipo de busca ACCESS_ID com o valor 10
I, [2021-01-28T14:57:49.068205 #43550]  INFO -- : Preencheu o campo {"type"=>"ACCESS_ID", "value"=>"apple_second_input"} usando o tipo de busca ACCESS_ID com o valor 2
I, [2021-01-28T14:57:49.069535 #43550]  INFO -- : Aguardou a existência do elemento apple-multiply-button usando o tipo de busca ACCESS_ID
I, [2021-01-28T14:57:49.860890 #43550]  INFO -- : Clicou no botão apple-multiply-button usando o tipo de busca ACCESS_ID
I, [2021-01-28T14:57:49.862288 #43550]  INFO -- : Está buscando o texto do elemento apple_result_text usando o tipo de busca ACCESS_ID
I, [2021-01-28T14:57:50.920185 #43550]  INFO -- : Test finish
I, [2021-01-28T14:57:56.833161 #43550]  INFO -- : Init test
I, [2021-01-28T14:57:56.834016 #43550]  INFO -- : Aguardou a existência do elemento apple_result_text usando o tipo de busca ACCESS_ID
I, [2021-01-28T14:57:57.518751 #43550]  INFO -- : Preencheu o campo {"type"=>"ACCESS_ID", "value"=>"apple_first_input"} usando o tipo de busca ACCESS_ID com o valor 10
I, [2021-01-28T14:57:58.253510 #43550]  INFO -- : Preencheu o campo {"type"=>"ACCESS_ID", "value"=>"apple_second_input"} usando o tipo de busca ACCESS_ID com o valor 2
I, [2021-01-28T14:57:58.253922 #43550]  INFO -- : Aguardou a existência do elemento apple-divide-button usando o tipo de busca ACCESS_ID
I, [2021-01-28T14:57:59.091332 #43550]  INFO -- : Clicou no botão apple-divide-button usando o tipo de busca ACCESS_ID
I, [2021-01-28T14:57:59.091924 #43550]  INFO -- : Está buscando o texto do elemento apple_result_text usando o tipo de busca ACCESS_ID
I, [2021-01-28T14:58:00.153809 #43550]  INFO -- : Test finish
I, [2021-01-28T14:58:26.882787 #43786]  INFO -- : Init test
I, [2021-01-28T14:58:26.883454 #43786]  INFO -- : Aguardou a existência do elemento apple_result_text usando o tipo de busca ACCESS_ID
I, [2021-01-28T14:58:27.561751 #43786]  INFO -- : Preencheu o campo {"type"=>"ACCESS_ID", "value"=>"apple_first_input"} usando o tipo de busca ACCESS_ID com o valor 1
I, [2021-01-28T14:58:28.297685 #43786]  INFO -- : Preencheu o campo {"type"=>"ACCESS_ID", "value"=>"apple_second_input"} usando o tipo de busca ACCESS_ID com o valor 2
I, [2021-01-28T14:58:28.298049 #43786]  INFO -- : Aguardou a existência do elemento apple-sum-button usando o tipo de busca ACCESS_ID
I, [2021-01-28T14:58:29.120735 #43786]  INFO -- : Clicou no botão apple-sum-button usando o tipo de busca ACCESS_ID
I, [2021-01-28T14:58:29.121163 #43786]  INFO -- : Está buscando o texto do elemento apple_result_text usando o tipo de busca ACCESS_ID
I, [2021-01-28T14:58:30.174359 #43786]  INFO -- : Test finish
I, [2021-01-28T14:58:36.745555 #43786]  INFO -- : Init test
I, [2021-01-28T14:58:36.746310 #43786]  INFO -- : Aguardou a existência do elemento apple_result_text usando o tipo de busca ACCESS_ID
I, [2021-01-28T14:58:37.426811 #43786]  INFO -- : Preencheu o campo {"type"=>"ACCESS_ID", "value"=>"apple_first_input"} usando o tipo de busca ACCESS_ID com o valor 5
I, [2021-01-28T14:58:38.176624 #43786]  INFO -- : Preencheu o campo {"type"=>"ACCESS_ID", "value"=>"apple_second_input"} usando o tipo de busca ACCESS_ID com o valor 2
I, [2021-01-28T14:58:38.177330 #43786]  INFO -- : Aguardou a existência do elemento apple-subtract-button usando o tipo de busca ACCESS_ID
I, [2021-01-28T14:58:39.041643 #43786]  INFO -- : Clicou no botão apple-subtract-button usando o tipo de busca ACCESS_ID
I, [2021-01-28T14:58:39.042090 #43786]  INFO -- : Está buscando o texto do elemento apple_result_text usando o tipo de busca ACCESS_ID
I, [2021-01-28T14:58:40.163727 #43786]  INFO -- : Test finish
I, [2021-01-28T14:58:46.513764 #43786]  INFO -- : Init test
I, [2021-01-28T14:58:46.515097 #43786]  INFO -- : Aguardou a existência do elemento apple_result_text usando o tipo de busca ACCESS_ID
I, [2021-01-28T14:58:47.207071 #43786]  INFO -- : Preencheu o campo {"type"=>"ACCESS_ID", "value"=>"apple_first_input"} usando o tipo de busca ACCESS_ID com o valor 10
I, [2021-01-28T14:58:47.964508 #43786]  INFO -- : Preencheu o campo {"type"=>"ACCESS_ID", "value"=>"apple_second_input"} usando o tipo de busca ACCESS_ID com o valor 2
I, [2021-01-28T14:58:47.964887 #43786]  INFO -- : Aguardou a existência do elemento apple-multiply-button usando o tipo de busca ACCESS_ID
I, [2021-01-28T14:58:48.816758 #43786]  INFO -- : Clicou no botão apple-multiply-button usando o tipo de busca ACCESS_ID
I, [2021-01-28T14:58:48.817413 #43786]  INFO -- : Está buscando o texto do elemento apple_result_text usando o tipo de busca ACCESS_ID
I, [2021-01-28T14:58:49.903140 #43786]  INFO -- : Test finish
I, [2021-01-28T14:59:35.168283 #44004]  INFO -- : Init test
I, [2021-01-28T14:59:35.169451 #44004]  INFO -- : Aguardou a existência do elemento apple_result_text usando o tipo de busca ACCESS_ID
I, [2021-01-28T14:59:35.701068 #44004]  INFO -- : Preencheu o campo {"type"=>"ACCESS_ID", "value"=>"apple_first_input"} usando o tipo de busca ACCESS_ID com o valor 1
I, [2021-01-28T14:59:36.346514 #44004]  INFO -- : Preencheu o campo {"type"=>"ACCESS_ID", "value"=>"apple_second_input"} usando o tipo de busca ACCESS_ID com o valor 2
I, [2021-01-28T14:59:36.346793 #44004]  INFO -- : Aguardou a existência do elemento apple-sum-button usando o tipo de busca ACCESS_ID
I, [2021-01-28T14:59:37.073406 #44004]  INFO -- : Clicou no botão apple-sum-button usando o tipo de busca ACCESS_ID
I, [2021-01-28T14:59:37.073741 #44004]  INFO -- : Está buscando o texto do elemento apple_result_text usando o tipo de busca ACCESS_ID
I, [2021-01-28T14:59:38.092539 #44004]  INFO -- : Test finish
I, [2021-01-28T14:59:43.331469 #44004]  INFO -- : Init test
I, [2021-01-28T14:59:43.332033 #44004]  INFO -- : Aguardou a existência do elemento apple_result_text usando o tipo de busca ACCESS_ID
I, [2021-01-28T14:59:43.825208 #44004]  INFO -- : Preencheu o campo {"type"=>"ACCESS_ID", "value"=>"apple_first_input"} usando o tipo de busca ACCESS_ID com o valor 5
I, [2021-01-28T14:59:44.474000 #44004]  INFO -- : Preencheu o campo {"type"=>"ACCESS_ID", "value"=>"apple_second_input"} usando o tipo de busca ACCESS_ID com o valor 2
I, [2021-01-28T14:59:44.474331 #44004]  INFO -- : Aguardou a existência do elemento apple-subtract-button usando o tipo de busca ACCESS_ID
I, [2021-01-28T14:59:45.212371 #44004]  INFO -- : Clicou no botão apple-subtract-button usando o tipo de busca ACCESS_ID
I, [2021-01-28T14:59:45.212684 #44004]  INFO -- : Está buscando o texto do elemento apple_result_text usando o tipo de busca ACCESS_ID
I, [2021-01-28T14:59:46.241735 #44004]  INFO -- : Test finish
I, [2021-01-28T14:59:51.683777 #44004]  INFO -- : Init test
I, [2021-01-28T14:59:51.684367 #44004]  INFO -- : Aguardou a existência do elemento apple_result_text usando o tipo de busca ACCESS_ID
I, [2021-01-28T14:59:52.226464 #44004]  INFO -- : Preencheu o campo {"type"=>"ACCESS_ID", "value"=>"apple_first_input"} usando o tipo de busca ACCESS_ID com o valor 10
I, [2021-01-28T14:59:52.891366 #44004]  INFO -- : Preencheu o campo {"type"=>"ACCESS_ID", "value"=>"apple_second_input"} usando o tipo de busca ACCESS_ID com o valor 2
I, [2021-01-28T14:59:52.891681 #44004]  INFO -- : Aguardou a existência do elemento apple-multiply-button usando o tipo de busca ACCESS_ID
I, [2021-01-28T14:59:53.649688 #44004]  INFO -- : Clicou no botão apple-multiply-button usando o tipo de busca ACCESS_ID
I, [2021-01-28T14:59:53.650841 #44004]  INFO -- : Está buscando o texto do elemento apple_result_text usando o tipo de busca ACCESS_ID
I, [2021-01-28T14:59:54.691022 #44004]  INFO -- : Test finish
I, [2021-01-28T15:00:00.283934 #44004]  INFO -- : Init test
I, [2021-01-28T15:00:00.284478 #44004]  INFO -- : Aguardou a existência do elemento apple_result_text usando o tipo de busca ACCESS_ID
I, [2021-01-28T15:00:00.929348 #44004]  INFO -- : Preencheu o campo {"type"=>"ACCESS_ID", "value"=>"apple_first_input"} usando o tipo de busca ACCESS_ID com o valor 10
I, [2021-01-28T15:00:01.651860 #44004]  INFO -- : Preencheu o campo {"type"=>"ACCESS_ID", "value"=>"apple_second_input"} usando o tipo de busca ACCESS_ID com o valor 2
I, [2021-01-28T15:00:01.652327 #44004]  INFO -- : Aguardou a existência do elemento apple-divide-button usando o tipo de busca ACCESS_ID
I, [2021-01-28T15:00:02.473884 #44004]  INFO -- : Clicou no botão apple-divide-button usando o tipo de busca ACCESS_ID
I, [2021-01-28T15:00:02.474259 #44004]  INFO -- : Está buscando o texto do elemento apple_result_text usando o tipo de busca ACCESS_ID
I, [2021-01-28T15:00:03.548525 #44004]  INFO -- : Test finish
I, [2021-01-28T15:01:14.344426 #44310]  INFO -- : Init test
I, [2021-01-28T15:01:14.344947 #44310]  INFO -- : Aguardou a existência do elemento apple_result_text usando o tipo de busca ACCESS_ID
I, [2021-01-28T15:01:14.856752 #44310]  INFO -- : Preencheu o campo {"type"=>"ACCESS_ID", "value"=>"apple_first_input"} usando o tipo de busca ACCESS_ID com o valor 1
I, [2021-01-28T15:01:15.488049 #44310]  INFO -- : Preencheu o campo {"type"=>"ACCESS_ID", "value"=>"apple_second_input"} usando o tipo de busca ACCESS_ID com o valor 2
I, [2021-01-28T15:01:15.488449 #44310]  INFO -- : Aguardou a existência do elemento apple-sum-button usando o tipo de busca ACCESS_ID
I, [2021-01-28T15:01:16.209778 #44310]  INFO -- : Clicou no botão apple-sum-button usando o tipo de busca ACCESS_ID
I, [2021-01-28T15:01:16.210092 #44310]  INFO -- : Está buscando o texto do elemento apple_result_text usando o tipo de busca ACCESS_ID
I, [2021-01-28T15:01:17.240593 #44310]  INFO -- : Test finish
I, [2021-01-28T15:01:22.381762 #44310]  INFO -- : Init test
I, [2021-01-28T15:01:22.382229 #44310]  INFO -- : Aguardou a existência do elemento apple_result_text usando o tipo de busca ACCESS_ID
I, [2021-01-28T15:01:22.882195 #44310]  INFO -- : Preencheu o campo {"type"=>"ACCESS_ID", "value"=>"apple_first_input"} usando o tipo de busca ACCESS_ID com o valor 5
I, [2021-01-28T15:01:23.514482 #44310]  INFO -- : Preencheu o campo {"type"=>"ACCESS_ID", "value"=>"apple_second_input"} usando o tipo de busca ACCESS_ID com o valor 2
I, [2021-01-28T15:01:23.514793 #44310]  INFO -- : Aguardou a existência do elemento apple-subtract-button usando o tipo de busca ACCESS_ID
I, [2021-01-28T15:01:24.250701 #44310]  INFO -- : Clicou no botão apple-subtract-button usando o tipo de busca ACCESS_ID
I, [2021-01-28T15:01:24.251066 #44310]  INFO -- : Está buscando o texto do elemento apple_result_text usando o tipo de busca ACCESS_ID
I, [2021-01-28T15:01:25.289298 #44310]  INFO -- : Test finish
I, [2021-01-28T15:01:30.464757 #44310]  INFO -- : Init test
I, [2021-01-28T15:01:30.465228 #44310]  INFO -- : Aguardou a existência do elemento apple_result_text usando o tipo de busca ACCESS_ID
I, [2021-01-28T15:01:31.036758 #44310]  INFO -- : Preencheu o campo {"type"=>"ACCESS_ID", "value"=>"apple_first_input"} usando o tipo de busca ACCESS_ID com o valor 10
I, [2021-01-28T15:01:31.766768 #44310]  INFO -- : Preencheu o campo {"type"=>"ACCESS_ID", "value"=>"apple_second_input"} usando o tipo de busca ACCESS_ID com o valor 2
I, [2021-01-28T15:01:31.767329 #44310]  INFO -- : Aguardou a existência do elemento apple-multiply-button usando o tipo de busca ACCESS_ID
I, [2021-01-28T15:01:32.562149 #44310]  INFO -- : Clicou no botão apple-multiply-button usando o tipo de busca ACCESS_ID
I, [2021-01-28T15:01:32.563006 #44310]  INFO -- : Está buscando o texto do elemento apple_result_text usando o tipo de busca ACCESS_ID
I, [2021-01-28T15:01:33.624037 #44310]  INFO -- : Test finish
I, [2021-01-28T15:01:39.349707 #44310]  INFO -- : Init test
I, [2021-01-28T15:01:39.350545 #44310]  INFO -- : Aguardou a existência do elemento apple_result_text usando o tipo de busca ACCESS_ID
I, [2021-01-28T15:01:39.968184 #44310]  INFO -- : Preencheu o campo {"type"=>"ACCESS_ID", "value"=>"apple_first_input"} usando o tipo de busca ACCESS_ID com o valor 10
I, [2021-01-28T15:01:40.678220 #44310]  INFO -- : Preencheu o campo {"type"=>"ACCESS_ID", "value"=>"apple_second_input"} usando o tipo de busca ACCESS_ID com o valor 2
I, [2021-01-28T15:01:40.678590 #44310]  INFO -- : Aguardou a existência do elemento apple-divide-button usando o tipo de busca ACCESS_ID
I, [2021-01-28T15:01:41.534685 #44310]  INFO -- : Clicou no botão apple-divide-button usando o tipo de busca ACCESS_ID
I, [2021-01-28T15:01:41.535094 #44310]  INFO -- : Está buscando o texto do elemento apple_result_text usando o tipo de busca ACCESS_ID
I, [2021-01-28T15:01:42.610893 #44310]  INFO -- : Test finish
I, [2021-01-28T15:02:22.795437 #44577]  INFO -- : Init test
I, [2021-01-28T15:02:22.796282 #44577]  INFO -- : Aguardou a existência do elemento apple_result_text usando o tipo de busca ACCESS_ID
I, [2021-01-28T15:02:23.490481 #44577]  INFO -- : Preencheu o campo {"type"=>"ACCESS_ID", "value"=>"apple_first_input"} usando o tipo de busca ACCESS_ID com o valor 1
I, [2021-01-28T15:02:24.238430 #44577]  INFO -- : Preencheu o campo {"type"=>"ACCESS_ID", "value"=>"apple_second_input"} usando o tipo de busca ACCESS_ID com o valor 2
I, [2021-01-28T15:02:24.238783 #44577]  INFO -- : Aguardou a existência do elemento apple-sum-button usando o tipo de busca ACCESS_ID
I, [2021-01-28T15:02:25.070818 #44577]  INFO -- : Clicou no botão apple-sum-button usando o tipo de busca ACCESS_ID
I, [2021-01-28T15:02:25.071202 #44577]  INFO -- : Está buscando o texto do elemento apple_result_text usando o tipo de busca ACCESS_ID
I, [2021-01-28T15:02:26.198576 #44577]  INFO -- : Test finish
I, [2021-01-28T15:02:32.825277 #44577]  INFO -- : Init test
I, [2021-01-28T15:02:32.825905 #44577]  INFO -- : Aguardou a existência do elemento apple_result_text usando o tipo de busca ACCESS_ID
I, [2021-01-28T15:02:33.624873 #44577]  INFO -- : Preencheu o campo {"type"=>"ACCESS_ID", "value"=>"apple_first_input"} usando o tipo de busca ACCESS_ID com o valor 5
I, [2021-01-28T15:02:34.736271 #44577]  INFO -- : Preencheu o campo {"type"=>"ACCESS_ID", "value"=>"apple_second_input"} usando o tipo de busca ACCESS_ID com o valor 2
I, [2021-01-28T15:02:34.736651 #44577]  INFO -- : Aguardou a existência do elemento apple-subtract-button usando o tipo de busca ACCESS_ID
I, [2021-01-28T15:02:35.797147 #44577]  INFO -- : Clicou no botão apple-subtract-button usando o tipo de busca ACCESS_ID
I, [2021-01-28T15:02:35.797639 #44577]  INFO -- : Está buscando o texto do elemento apple_result_text usando o tipo de busca ACCESS_ID
I, [2021-01-28T15:02:36.837506 #44577]  INFO -- : Test finish
I, [2021-01-28T15:02:44.266007 #44577]  INFO -- : Init test
I, [2021-01-28T15:02:44.267868 #44577]  INFO -- : Aguardou a existência do elemento apple_result_text usando o tipo de busca ACCESS_ID
I, [2021-01-28T15:02:45.009184 #44577]  INFO -- : Preencheu o campo {"type"=>"ACCESS_ID", "value"=>"apple_first_input"} usando o tipo de busca ACCESS_ID com o valor 10
I, [2021-01-28T15:02:45.785256 #44577]  INFO -- : Preencheu o campo {"type"=>"ACCESS_ID", "value"=>"apple_second_input"} usando o tipo de busca ACCESS_ID com o valor 2
I, [2021-01-28T15:02:45.786493 #44577]  INFO -- : Aguardou a existência do elemento apple-multiply-button usando o tipo de busca ACCESS_ID
I, [2021-01-28T15:02:46.686849 #44577]  INFO -- : Clicou no botão apple-multiply-button usando o tipo de busca ACCESS_ID
I, [2021-01-28T15:02:46.688973 #44577]  INFO -- : Está buscando o texto do elemento apple_result_text usando o tipo de busca ACCESS_ID
I, [2021-01-28T15:02:47.769447 #44577]  INFO -- : Test finish
I, [2021-01-28T15:02:54.565647 #44577]  INFO -- : Init test
I, [2021-01-28T15:02:54.566301 #44577]  INFO -- : Aguardou a existência do elemento apple_result_text usando o tipo de busca ACCESS_ID
I, [2021-01-28T15:02:55.263477 #44577]  INFO -- : Preencheu o campo {"type"=>"ACCESS_ID", "value"=>"apple_first_input"} usando o tipo de busca ACCESS_ID com o valor 10
I, [2021-01-28T15:02:56.056503 #44577]  INFO -- : Preencheu o campo {"type"=>"ACCESS_ID", "value"=>"apple_second_input"} usando o tipo de busca ACCESS_ID com o valor 2
I, [2021-01-28T15:02:56.056901 #44577]  INFO -- : Aguardou a existência do elemento apple-divide-button usando o tipo de busca ACCESS_ID
I, [2021-01-28T15:02:56.938574 #44577]  INFO -- : Clicou no botão apple-divide-button usando o tipo de busca ACCESS_ID
I, [2021-01-28T15:02:56.939115 #44577]  INFO -- : Está buscando o texto do elemento apple_result_text usando o tipo de busca ACCESS_ID
I, [2021-01-28T15:02:58.003777 #44577]  INFO -- : Test finish
I, [2021-01-28T15:03:16.476670 #44828]  INFO -- : Init test
I, [2021-01-28T15:03:16.477351 #44828]  INFO -- : Aguardou a existência do elemento apple_result_text usando o tipo de busca ACCESS_ID
I, [2021-01-28T15:03:17.113261 #44828]  INFO -- : Preencheu o campo {"type"=>"ACCESS_ID", "value"=>"apple_first_input"} usando o tipo de busca ACCESS_ID com o valor 1
I, [2021-01-28T15:03:17.845930 #44828]  INFO -- : Preencheu o campo {"type"=>"ACCESS_ID", "value"=>"apple_second_input"} usando o tipo de busca ACCESS_ID com o valor 2
I, [2021-01-28T15:03:17.846305 #44828]  INFO -- : Aguardou a existência do elemento apple-sum-button usando o tipo de busca ACCESS_ID
I, [2021-01-28T15:03:18.662762 #44828]  INFO -- : Clicou no botão apple-sum-button usando o tipo de busca ACCESS_ID
I, [2021-01-28T15:03:18.663338 #44828]  INFO -- : Está buscando o texto do elemento apple_result_text usando o tipo de busca ACCESS_ID
I, [2021-01-28T15:03:19.751259 #44828]  INFO -- : Test finish
I, [2021-01-28T15:03:25.716467 #44828]  INFO -- : Init test
I, [2021-01-28T15:03:25.717173 #44828]  INFO -- : Aguardou a existência do elemento apple_result_text usando o tipo de busca ACCESS_ID
I, [2021-01-28T15:03:26.327976 #44828]  INFO -- : Preencheu o campo {"type"=>"ACCESS_ID", "value"=>"apple_first_input"} usando o tipo de busca ACCESS_ID com o valor 5
I, [2021-01-28T15:03:27.017758 #44828]  INFO -- : Preencheu o campo {"type"=>"ACCESS_ID", "value"=>"apple_second_input"} usando o tipo de busca ACCESS_ID com o valor 2
I, [2021-01-28T15:03:27.018094 #44828]  INFO -- : Aguardou a existência do elemento apple-subtract-button usando o tipo de busca ACCESS_ID
I, [2021-01-28T15:03:27.811127 #44828]  INFO -- : Clicou no botão apple-subtract-button usando o tipo de busca ACCESS_ID
I, [2021-01-28T15:03:27.811636 #44828]  INFO -- : Está buscando o texto do elemento apple_result_text usando o tipo de busca ACCESS_ID
I, [2021-01-28T15:03:28.875203 #44828]  INFO -- : Test finish
I, [2021-01-28T15:03:35.198385 #44828]  INFO -- : Init test
I, [2021-01-28T15:03:35.199483 #44828]  INFO -- : Aguardou a existência do elemento apple_result_text usando o tipo de busca ACCESS_ID
I, [2021-01-28T15:03:35.879421 #44828]  INFO -- : Preencheu o campo {"type"=>"ACCESS_ID", "value"=>"apple_first_input"} usando o tipo de busca ACCESS_ID com o valor 10
I, [2021-01-28T15:03:36.622971 #44828]  INFO -- : Preencheu o campo {"type"=>"ACCESS_ID", "value"=>"apple_second_input"} usando o tipo de busca ACCESS_ID com o valor 2
I, [2021-01-28T15:03:36.623407 #44828]  INFO -- : Aguardou a existência do elemento apple-multiply-button usando o tipo de busca ACCESS_ID
I, [2021-01-28T15:03:37.469508 #44828]  INFO -- : Clicou no botão apple-multiply-button usando o tipo de busca ACCESS_ID
I, [2021-01-28T15:03:37.470047 #44828]  INFO -- : Está buscando o texto do elemento apple_result_text usando o tipo de busca ACCESS_ID
I, [2021-01-28T15:03:38.524668 #44828]  INFO -- : Test finish
I, [2021-01-28T15:03:44.939806 #44828]  INFO -- : Init test
I, [2021-01-28T15:03:44.940601 #44828]  INFO -- : Aguardou a existência do elemento apple_result_text usando o tipo de busca ACCESS_ID
I, [2021-01-28T15:03:45.616295 #44828]  INFO -- : Preencheu o campo {"type"=>"ACCESS_ID", "value"=>"apple_first_input"} usando o tipo de busca ACCESS_ID com o valor 10
I, [2021-01-28T15:03:46.402977 #44828]  INFO -- : Preencheu o campo {"type"=>"ACCESS_ID", "value"=>"apple_second_input"} usando o tipo de busca ACCESS_ID com o valor 2
I, [2021-01-28T15:03:46.403486 #44828]  INFO -- : Aguardou a existência do elemento apple-divide-button usando o tipo de busca ACCESS_ID
I, [2021-01-28T15:03:47.230274 #44828]  INFO -- : Clicou no botão apple-divide-button usando o tipo de busca ACCESS_ID
I, [2021-01-28T15:03:47.230778 #44828]  INFO -- : Está buscando o texto do elemento apple_result_text usando o tipo de busca ACCESS_ID
I, [2021-01-28T15:03:48.317442 #44828]  INFO -- : Test finish
